<?xml version="1.0" encoding="UTF-8"?>
<!-- Generated by org.testng.reporters.JUnitXMLReporter -->
<testsuite ignored="0" hostname="DESKTOP-BK5B56E" failures="0" tests="3" name="Automation Test" time="18.481" errors="0" timestamp="2023-11-16T11:28:21 COT">
  <testcase classname="testCases.TC001_RegisterUser" name="CheckAccesPage" time="0.04"/>
  <testcase classname="testCases.TC001_RegisterUser" name="checkSignOption" time="2.837"/>
  <testcase classname="testCases.TC001_RegisterUser" name="RegisterNewUser" time="12.083"/>
</testsuite> <!-- Automation Test -->
