<?xml version="1.0" encoding="UTF-8"?>
<testng-results ignored="0" total="2" passed="2" failed="0" skipped="0">
  <reporter-output>
  </reporter-output>
  <suite started-at="2023-11-15T21:46:40 COT" name="Automation Exercise" finished-at="2023-11-15T21:46:59 COT" duration-ms="19441">
    <groups>
    </groups>
    <test started-at="2023-11-15T21:46:40 COT" name="Automation Test" finished-at="2023-11-15T21:46:59 COT" duration-ms="19441">
      <class name="testCases.TC001_RegisterUser">
        <test-method is-config="true" signature="setUp(java.lang.String)[pri:0, instance:testCases.TC001_RegisterUser@4f6ee6e4]" started-at="2023-11-15T21:46:40 COT" name="setUp" finished-at="2023-11-15T21:46:45 COT" duration-ms="5541" status="PASS">
          <params>
            <param index="0">
              <value>
                <![CDATA[chrome]]>
              </value>
            </param>
          </params>
          <reporter-output>
          </reporter-output>
        </test-method> <!-- setUp -->
        <test-method is-config="true" signature="initializePages()[pri:0, instance:testCases.TC001_RegisterUser@4f6ee6e4]" started-at="2023-11-15T21:46:45 COT" name="initializePages" finished-at="2023-11-15T21:46:45 COT" duration-ms="16" status="PASS">
          <reporter-output>
          </reporter-output>
        </test-method> <!-- initializePages -->
        <test-method signature="CheckAccesPage()[pri:1, instance:testCases.TC001_RegisterUser@4f6ee6e4]" started-at="2023-11-15T21:46:45 COT" name="CheckAccesPage" finished-at="2023-11-15T21:46:45 COT" duration-ms="57" status="PASS">
          <reporter-output>
          </reporter-output>
        </test-method> <!-- CheckAccesPage -->
        <test-method is-config="true" signature="initializePages()[pri:0, instance:testCases.TC001_RegisterUser@4f6ee6e4]" started-at="2023-11-15T21:46:45 COT" name="initializePages" finished-at="2023-11-15T21:46:45 COT" duration-ms="1" status="PASS">
          <reporter-output>
          </reporter-output>
        </test-method> <!-- initializePages -->
        <test-method signature="RegisterNewUser()[pri:2, instance:testCases.TC001_RegisterUser@4f6ee6e4]" started-at="2023-11-15T21:46:45 COT" name="RegisterNewUser" finished-at="2023-11-15T21:46:59 COT" depends-on-methods="testCases.TC001_RegisterUser.CheckAccesPage" duration-ms="13604" status="PASS">
          <reporter-output>
          </reporter-output>
        </test-method> <!-- RegisterNewUser -->
        <test-method is-config="true" signature="tearDown()[pri:0, instance:testCases.TC001_RegisterUser@4f6ee6e4]" started-at="2023-11-15T21:46:59 COT" name="tearDown" finished-at="2023-11-15T21:46:59 COT" duration-ms="98" status="PASS">
          <reporter-output>
          </reporter-output>
        </test-method> <!-- tearDown -->
      </class> <!-- testCases.TC001_RegisterUser -->
    </test> <!-- Automation Test -->
  </suite> <!-- Automation Exercise -->
</testng-results>
